<?xml version="1.0" encoding="UTF-8"?>
<!-- Generated by org.testng.reporters.JUnitXMLReporter -->
<testsuite ignored="0" hostname="DESKTOP-402V9A7" failures="0" tests="7" name="Test" time="0.09" errors="0" timestamp="2022-09-07T17:39:15 WIB">
  <testcase classname="ujian.ujiankedua.UjianKedua.TestMatematika" name="testTambahNilai" time="0.008"/>
  <testcase classname="ujian.ujiankedua.UjianKedua.TestMatematika" name="testKurangNilai" time="0.001"/>
  <testcase classname="ujian.ujiankedua.UjianKedua.TestMatematika" name="testBagiNilai" time="0.002"/>
  <testcase classname="ujian.ujiankedua.UjianKedua.TestMatematika" name="testModulusNilai" time="0.001"/>
  <testcase classname="ujian.ujiankedua.UjianKedua.TestGeometri" name="testLuasPersegi" time="0.001"/>
  <testcase classname="ujian.ujiankedua.UjianKedua.TestGeometri" name="testLuasSegitiga" time="0.002"/>
  <testcase classname="ujian.ujiankedua.UjianKedua.TestGeometri" name="testLuasTrapesium" time="0.002"/>
</testsuite> <!-- Test -->
