<?xml version="1.0" encoding="UTF-8"?>
<testng-results ignored="0" total="7" passed="7" failed="0" skipped="0">
  <reporter-output>
  </reporter-output>
  <suite started-at="2022-09-07T17:39:15 WIB" name="Suite" finished-at="2022-09-07T17:39:15 WIB" duration-ms="90">
    <groups>
    </groups>
    <test started-at="2022-09-07T17:39:15 WIB" name="Test" finished-at="2022-09-07T17:39:15 WIB" duration-ms="90">
      <class name="ujian.ujiankedua.UjianKedua.TestMatematika">
        <test-method is-config="true" signature="beforeClass()[pri:0, instance:ujian.ujiankedua.UjianKedua.TestMatematika@73e22a3d]" started-at="2022-09-07T17:39:15 WIB" name="beforeClass" finished-at="2022-09-07T17:39:15 WIB" duration-ms="12" status="PASS">
          <reporter-output>
          </reporter-output>
        </test-method> <!-- beforeClass -->
        <test-method signature="testTambahNilai()[pri:0, instance:ujian.ujiankedua.UjianKedua.TestMatematika@73e22a3d]" started-at="2022-09-07T17:39:15 WIB" name="testTambahNilai" finished-at="2022-09-07T17:39:15 WIB" duration-ms="8" status="PASS">
          <reporter-output>
          </reporter-output>
        </test-method> <!-- testTambahNilai -->
        <test-method signature="testKurangNilai()[pri:1, instance:ujian.ujiankedua.UjianKedua.TestMatematika@73e22a3d]" started-at="2022-09-07T17:39:15 WIB" name="testKurangNilai" finished-at="2022-09-07T17:39:15 WIB" duration-ms="1" status="PASS">
          <reporter-output>
          </reporter-output>
        </test-method> <!-- testKurangNilai -->
        <test-method signature="testBagiNilai()[pri:2, instance:ujian.ujiankedua.UjianKedua.TestMatematika@73e22a3d]" started-at="2022-09-07T17:39:15 WIB" name="testBagiNilai" finished-at="2022-09-07T17:39:15 WIB" duration-ms="2" status="PASS">
          <reporter-output>
          </reporter-output>
        </test-method> <!-- testBagiNilai -->
        <test-method signature="testModulusNilai()[pri:3, instance:ujian.ujiankedua.UjianKedua.TestMatematika@73e22a3d]" started-at="2022-09-07T17:39:15 WIB" name="testModulusNilai" finished-at="2022-09-07T17:39:15 WIB" duration-ms="1" status="PASS">
          <reporter-output>
          </reporter-output>
        </test-method> <!-- testModulusNilai -->
        <test-method is-config="true" signature="afterClass()[pri:0, instance:ujian.ujiankedua.UjianKedua.TestMatematika@73e22a3d]" started-at="2022-09-07T17:39:15 WIB" name="afterClass" finished-at="2022-09-07T17:39:15 WIB" duration-ms="1" status="PASS">
          <reporter-output>
          </reporter-output>
        </test-method> <!-- afterClass -->
      </class> <!-- ujian.ujiankedua.UjianKedua.TestMatematika -->
      <class name="ujian.ujiankedua.UjianKedua.TestGeometri">
        <test-method is-config="true" signature="beforeClass()[pri:0, instance:ujian.ujiankedua.UjianKedua.TestGeometri@35aea049]" started-at="2022-09-07T17:39:15 WIB" name="beforeClass" finished-at="2022-09-07T17:39:15 WIB" duration-ms="0" status="PASS">
          <reporter-output>
          </reporter-output>
        </test-method> <!-- beforeClass -->
        <test-method signature="testLuasPersegi()[pri:0, instance:ujian.ujiankedua.UjianKedua.TestGeometri@35aea049]" started-at="2022-09-07T17:39:15 WIB" name="testLuasPersegi" finished-at="2022-09-07T17:39:15 WIB" duration-ms="1" status="PASS">
          <reporter-output>
          </reporter-output>
        </test-method> <!-- testLuasPersegi -->
        <test-method signature="testLuasSegitiga()[pri:1, instance:ujian.ujiankedua.UjianKedua.TestGeometri@35aea049]" started-at="2022-09-07T17:39:15 WIB" name="testLuasSegitiga" finished-at="2022-09-07T17:39:15 WIB" duration-ms="2" status="PASS">
          <reporter-output>
          </reporter-output>
        </test-method> <!-- testLuasSegitiga -->
        <test-method signature="testLuasTrapesium()[pri:2, instance:ujian.ujiankedua.UjianKedua.TestGeometri@35aea049]" started-at="2022-09-07T17:39:15 WIB" name="testLuasTrapesium" finished-at="2022-09-07T17:39:15 WIB" duration-ms="2" status="PASS">
          <reporter-output>
          </reporter-output>
        </test-method> <!-- testLuasTrapesium -->
        <test-method is-config="true" signature="afterClass()[pri:0, instance:ujian.ujiankedua.UjianKedua.TestGeometri@35aea049]" started-at="2022-09-07T17:39:15 WIB" name="afterClass" finished-at="2022-09-07T17:39:15 WIB" duration-ms="0" status="PASS">
          <reporter-output>
          </reporter-output>
        </test-method> <!-- afterClass -->
      </class> <!-- ujian.ujiankedua.UjianKedua.TestGeometri -->
    </test> <!-- Test -->
  </suite> <!-- Suite -->
</testng-results>
