<?xml version="1.0" encoding="UTF-8"?>
<!-- Generated by org.testng.reporters.JUnitXMLReporter -->
<testsuite ignored="0" hostname="DESKTOP-402V9A7" failures="0" tests="10" name="Default test" time="4.756" errors="0" timestamp="2022-09-18T03:44:30 WIB">
  <testcase classname="ujian.ujiankeempat.openweather.ByZipCodeCountryCode" name="testGet" time="1.298"/>
  <testcase classname="ujian.ujiankeempat.openweather.ByZipCodeCountryCode" name="testGet" time="0.299"/>
  <testcase classname="ujian.ujiankeempat.openweather.ByZipCodeCountryCode" name="testGet" time="0.242"/>
  <testcase classname="ujian.ujiankeempat.openweather.ByZipCodeCountryCode" name="testGet" time="0.259"/>
  <testcase classname="ujian.ujiankeempat.openweather.ByZipCodeCountryCode" name="testGet" time="0.301"/>
  <testcase classname="ujian.ujiankeempat.openweather.ByZipCodeCountryCode" name="testGet" time="0.25"/>
  <testcase classname="ujian.ujiankeempat.openweather.ByZipCodeCountryCode" name="testGet" time="0.248"/>
  <testcase classname="ujian.ujiankeempat.openweather.ByZipCodeCountryCode" name="testGet" time="0.248"/>
  <testcase classname="ujian.ujiankeempat.openweather.ByZipCodeCountryCode" name="testGet" time="0.247"/>
  <testcase classname="ujian.ujiankeempat.openweather.ByZipCodeCountryCode" name="testGet" time="0.366"/>
</testsuite> <!-- Default test -->
