<?xml version="1.0" encoding="UTF-8"?>
<!-- Generated by org.testng.reporters.JUnitXMLReporter -->
<testsuite ignored="0" hostname="DESKTOP-402V9A7" failures="0" tests="3" name="Default test" time="0.083" errors="0" timestamp="2022-09-07T17:30:27 WIB">
  <testcase classname="ujian.ujiankedua.UjianKedua.TestGeometri" name="testLuasPersegi" time="0.011"/>
  <testcase classname="ujian.ujiankedua.UjianKedua.TestGeometri" name="testLuasSegitiga" time="0.003"/>
  <testcase classname="ujian.ujiankedua.UjianKedua.TestGeometri" name="testLuasTrapesium" time="0.001"/>
</testsuite> <!-- Default test -->
